c:\users\cveti\source\repos\recepies\recepies\debug\vc142.pdb
c:\users\cveti\source\repos\recepies\recepies\debug\vc142.idb
c:\users\cveti\source\repos\recepies\recepies\debug\users.obj
c:\users\cveti\source\repos\recepies\recepies\debug\user.obj
c:\users\cveti\source\repos\recepies\recepies\debug\recepies.obj
c:\users\cveti\source\repos\recepies\recepies\debug\recepie.obj
c:\users\cveti\source\repos\recepies\recepies\debug\ratings.obj
c:\users\cveti\source\repos\recepies\recepies\debug\rating.obj
c:\users\cveti\source\repos\recepies\recepies\debug\productwithvolume.obj
c:\users\cveti\source\repos\recepies\recepies\debug\main.obj
c:\users\cveti\source\repos\recepies\recepies\debug\link.obj
c:\users\cveti\source\repos\recepies\recepies\debug\datetime.obj
c:\users\cveti\source\repos\recepies\debug\recepies.exe
c:\users\cveti\source\repos\recepies\debug\recepies.ilk
c:\users\cveti\source\repos\recepies\debug\recepies.pdb
c:\users\cveti\source\repos\recepies\recepies\debug\recepies.tlog\cl.command.1.tlog
c:\users\cveti\source\repos\recepies\recepies\debug\recepies.tlog\cl.read.1.tlog
c:\users\cveti\source\repos\recepies\recepies\debug\recepies.tlog\cl.write.1.tlog
c:\users\cveti\source\repos\recepies\recepies\debug\recepies.tlog\link.command.1.tlog
c:\users\cveti\source\repos\recepies\recepies\debug\recepies.tlog\link.read.1.tlog
c:\users\cveti\source\repos\recepies\recepies\debug\recepies.tlog\link.write.1.tlog
